ADAU145X Assembler, Analog Devices Inc.
Version: 4.7.0,1827  (built 4/5/2022)

##### Compile Started: Sunday, June 9, 2024 9:05:06 PM #####
ADAU145X Assembler, Analog Devices Inc.
Version: 4.7.0,1827  (built 4/5/2022)

##### Compile Started: Sunday, June 9, 2024 9:05:06 PM #####
##### Compile succeeded:  0 errors, 0 warnings #####

##### Summary #####
DM0 RAM used:       03139    (of 20480)
DM1 RAM used:       01753    (of 20480)
PM  RAM used(Data): 00000    (of 8192)
PM  RAM used(Inst): 04848    (of 8192) 3257 instructions (32bit: 1666  64bit: 1591)
Total PM used:      04848    (of 8192)

--------------------------------------------------------------------------------------
STREAM fs=192000              Inst      Inst      DM0     DM1     PM
Instance                      (cycles)  (size)    
--------------------------------------------------------------------------------------
STACK                          -         -        20      0       0       
FRAMEWORK                     218       227       221     7       0
Band16k                       83        130       158     52      0
Band8k                        83        130       158     47      0
Loud                          78        115       11      25      0
G1_LP_O5                      31        55        17      38      0
G2_LP_O3                      31        55        17      38      0
G3_LP_O2                      31        55        17      38      0
G4_LP_O1                      31        55        17      38      0
G5_HB                         31        55        17      33      0
G4_LP_I1                      31        55        17      23      0
G3_LP_I1                      31        55        17      23      0
G1_LP_I1                      31        55        17      23      0
G2_LP_I1                      31        55        17      23      0
G_LP_I1                       9         16        5       10      0
G_LP_O3                       9         16        5       10      0
LoudComp                      15        15        1       5       0
Vol                           15        15        1       0       0
G3_DS_I1                      11        11        0       0       0
G4_DS_I1                      11        11        0       0       0
G1_DS_I1                      11        11        0       0       0
G2_DS_I1                      11        11        0       0       0
Add1_2                        10        10        0       1       0
Add1                          10        10        0       1       0
Add1_3                        10        10        0       1       0
Add1_4                        10        10        0       1       0
Add1_5                        10        10        0       1       0
Input2                        4         4         0       2       0
Input1                        4         4         0       2       0
Input3                        4         4         0       1       0
G_DS_I1                       3         3         0       0       0
Loud-Sel                      2         2         1       1       0
Band16k-Sel                   2         2         1       1       0
Band8k-Sel                    2         2         1       1       0
Output3                       2         2         0       0       0
Output2                       2         2         0       0       0
Output4                       2         2         0       0       0
Output6                       2         2         0       0       0
Output1                       2         2         0       0       0
Output5                       2         2         0       0       0
--------------------------------------------------------------------------------------
Total                         916       1286      736     446     0
--------------------------------------------------------------------------------------
(% Fs=192.0kHz)               60%       16%       4%      3%      0%


--------------------------------------------------------------------------------------
STREAM fs=48000               Inst      Inst      DM0     DM1     PM
Instance                      (cycles)  (size)    
--------------------------------------------------------------------------------------
STACK                          -         -        20      0       0       
FRAMEWORK                     133       147       153     0       0
Band4k                        83        133       158     52      0
Band2k                        83        130       158     47      0
G2_LP_O2                      31        60        17      38      0
G3_LP_O1                      31        60        17      38      0
G1_LP_O4                      31        60        17      38      0
G2_US_O3                      32        58        1       15      0
G3_US_O2                      32        58        1       15      0
G1_US_O4                      32        58        1       15      0
G3_LP_I2                      31        55        17      38      0
G2_LP_I2                      31        55        17      38      0
G1_LP_I2                      31        55        17      38      0
G4_LB                         31        55        17      33      0
G4_HB                         31        55        17      33      0
G4_US_O1                      32        50        1       15      0
G_LP_O2                       9         17        5       10      0
G_LP_I2                       9         16        5       10      0
G_US_O3                       8         14        1       3       0
G1_DS_I2                      11        11        0       0       0
G3_DS_I2                      11        11        0       0       0
G2_DS_I2                      11        11        0       0       0
G_DS_I2                       3         3         0       0       0
Band4k-Sel                    2         2         1       1       0
Band2k-Sel                    2         2         1       1       0
--------------------------------------------------------------------------------------
Total                         741       1176      642     478     0
--------------------------------------------------------------------------------------
(% Fs=48.0kHz)                13%       15%       4%      3%      0%


--------------------------------------------------------------------------------------
STREAM fs=12000               Inst      Inst      DM0     DM1     PM
Instance                      (cycles)  (size)    
--------------------------------------------------------------------------------------
STACK                          -         -        20      0       0       
FRAMEWORK                     133       147       153     0       0
Band1k                        83        130       158     52      0
Band512                       83        130       158     47      0
G2_LP_O1                      31        55        17      38      0
G1_LP_I3                      31        55        17      38      0
G2_LP_I3                      31        55        17      38      0
G1_LP_O3                      31        55        17      38      0
G3_HB                         31        55        17      33      0
G3_LB                         31        55        17      33      0
G2_US_O2                      32        53        1       15      0
G3_US_O1                      32        53        1       15      0
G1_US_O3                      32        53        1       15      0
G_LP_O1                       9         16        5       10      0
G_LP_I3                       9         16        5       10      0
G_US_O2                       8         13        1       3       0
G2_DS_I3                      11        11        0       0       0
G1_DS_I3                      11        11        0       0       0
G_DS_I3                       3         3         0       0       0
Band1k-Sel                    2         2         1       1       0
Band512-Sel                   2         2         1       1       0
--------------------------------------------------------------------------------------
Total                         636       970       607     387     0
--------------------------------------------------------------------------------------
(% Fs=12.0kHz)                3%        12%       3%      2%      0%


--------------------------------------------------------------------------------------
STREAM fs=3000                Inst      Inst      DM0     DM1     PM
Instance                      (cycles)  (size)    
--------------------------------------------------------------------------------------
STACK                          -         -        20      0       0       
FRAMEWORK                     133       147       153     0       0
Band256                       83        130       158     52      0
Band128                       83        130       158     47      0
BandSub                       43        62        158     12      0
G1_LP_I4                      31        55        17      38      0
G1_LP_O1                      31        55        17      38      0
G2_HB                         31        55        17      33      0
G2_LB                         31        55        17      33      0
G2_US_O1                      32        53        1       15      0
G1_US_O2                      32        53        1       15      0
G1_DS_I4                      11        11        0       0       0
G_US_O1                       8         9         1       3       0
Band128-Sel                   2         2         1       1       0
Band256-Sel                   2         2         1       1       0
BandSub-Sel                   2         2         1       1       0
--------------------------------------------------------------------------------------
Total                         555       821       721     289     0
--------------------------------------------------------------------------------------
(% Fs=3.0kHz)                 1%        11%       4%      2%      0%


--------------------------------------------------------------------------------------
STREAM fs=750                 Inst      Inst      DM0     DM1     PM
Instance                      (cycles)  (size)    
--------------------------------------------------------------------------------------
STACK                          -         -        20      0       0       
FRAMEWORK                     133       147       153     0       0
Band64                        83        130       158     52      0
Band32                        83        130       158     47      0
G1_LB                         31        55        17      33      0
G1_US_O1                      32        33        1       15      0
Band64-Sel                    2         2         1       1       0
Band32-Sel                    2         2         1       1       0
--------------------------------------------------------------------------------------
Total                         366       499       509     149     0
--------------------------------------------------------------------------------------
(% Fs=0.8kHz)                 1%        7%        3%      1%      0%



